# JRE version: OpenJDK Runtime Environment Temurin-21.0.10+7 (21.0.10+7) (build 21.0.10+7-LTS)
# Java VM: OpenJDK 64-Bit Server VM Temurin-21.0.10+7 (21.0.10+7-LTS, mixed mode, sharing, tiered, compressed oops, compressed class ptrs, parallel gc, windows-amd64)
GC Precious Log:
 CardTable entry size: 512
 CPUs: 16 total, 16 available
 Memory: 16176M
 Large Page Support: Disabled
 NUMA Support: Disabled
 Compressed Oops: Enabled (32-bit)
 Alignments: Space 512K, Generation 512K, Heap 2M
 Heap Min Capacity: 100M
 Heap Initial Capacity: 100M
 Heap Max Capacity: 2G
 Pre-touch: Disabled
 Parallel Workers: 13
Heap:
 PSYoungGen      total 6656K, used 6437K [0x00000000d5580000, 0x00000000d6080000, 0x0000000100000000)
  eden space 5120K, 96% used [0x00000000d5580000,0x00000000d5a4e5e0,0x00000000d5a80000)
  from space 1536K, 98% used [0x00000000d5f00000,0x00000000d607b190,0x00000000d6080000)
  to   space 2048K, 0% used [0x00000000d5c80000,0x00000000d5c80000,0x00000000d5e80000)
 ParOldGen       total 574464K, used 574462K [0x0000000080000000, 0x00000000a3100000, 0x00000000d5580000)
  object space 574464K, 99% used [0x0000000080000000,0x00000000a30ff8a0,0x00000000a3100000)
 Metaspace       used 78428K, committed 79936K, reserved 1179648K
  class space    used 8032K, committed 8704K, reserved 1048576K
GC Heap History (20 events):
Event: 23533.410 GC heap before
{Heap before GC invocations=1362 (full 4):
 PSYoungGen      total 12800K, used 12485K [0x00000000d5580000, 0x00000000d6a00000, 0x0000000100000000)
  eden space 7168K, 96% used [0x00000000d5580000,0x00000000d5c38600,0x00000000d5c80000)
  from space 5632K, 99% used [0x00000000d6480000,0x00000000d69f91d0,0x00000000d6a00000)
  to   space 6144K, 0% used [0x00000000d5e00000,0x00000000d5e00000,0x00000000d6400000)
 ParOldGen       total 531968K, used 531934K [0x0000000080000000, 0x00000000a0780000, 0x00000000d5580000)
  object space 531968K, 99% used [0x0000000080000000,0x00000000a0777860,0x00000000a0780000)
 Metaspace       used 78316K, committed 79808K, reserved 1179648K
  class space    used 8032K, committed 8704K, reserved 1048576K
}
Event: 23533.418 GC heap after
{Heap after GC invocations=1362 (full 4):
 PSYoungGen      total 13312K, used 6128K [0x00000000d5580000, 0x00000000d7680000, 0x0000000100000000)
  eden space 7168K, 0% used [0x00000000d5580000,0x00000000d5580000,0x00000000d5c80000)
  from space 6144K, 99% used [0x00000000d5e00000,0x00000000d63fc000,0x00000000d6400000)
  to   space 13312K, 0% used [0x00000000d6980000,0x00000000d6980000,0x00000000d7680000)
 ParOldGen       total 537600K, used 537586K [0x0000000080000000, 0x00000000a0d00000, 0x00000000d5580000)
  object space 537600K, 99% used [0x0000000080000000,0x00000000a0cfca40,0x00000000a0d00000)
 Metaspace       used 78316K, committed 79808K, reserved 1179648K
  class space    used 8032K, committed 8704K, reserved 1048576K
}
Event: 23533.467 GC heap before
{Heap before GC invocations=1363 (full 4):
 PSYoungGen      total 13312K, used 13296K [0x00000000d5580000, 0x00000000d7680000, 0x0000000100000000)
  eden space 7168K, 100% used [0x00000000d5580000,0x00000000d5c80000,0x00000000d5c80000)
  from space 6144K, 99% used [0x00000000d5e00000,0x00000000d63fc000,0x00000000d6400000)
  to   space 13312K, 0% used [0x00000000d6980000,0x00000000d6980000,0x00000000d7680000)
 ParOldGen       total 537600K, used 537586K [0x0000000080000000, 0x00000000a0d00000, 0x00000000d5580000)
  object space 537600K, 99% used [0x0000000080000000,0x00000000a0cfca40,0x00000000a0d00000)
 Metaspace       used 78319K, committed 79808K, reserved 1179648K
  class space    used 8032K, committed 8704K, reserved 1048576K
}
Event: 23533.476 GC heap after
{Heap after GC invocations=1363 (full 4):
 PSYoungGen      total 14336K, used 6723K [0x00000000d5580000, 0x00000000d7080000, 0x0000000100000000)
  eden space 7168K, 0% used [0x00000000d5580000,0x00000000d5580000,0x00000000d5c80000)
  from space 7168K, 93% used [0x00000000d6980000,0x00000000d7010ea0,0x00000000d7080000)
  to   space 8704K, 0% used [0x00000000d5f80000,0x00000000d5f80000,0x00000000d6800000)
 ParOldGen       total 543744K, used 543258K [0x0000000080000000, 0x00000000a1300000, 0x00000000d5580000)
  object space 543744K, 99% used [0x0000000080000000,0x00000000a1286a40,0x00000000a1300000)
 Metaspace       used 78319K, committed 79808K, reserved 1179648K
  class space    used 8032K, committed 8704K, reserved 1048576K
}
Event: 23533.538 GC heap before
{Heap before GC invocations=1364 (full 4):
 PSYoungGen      total 14336K, used 13891K [0x00000000d5580000, 0x00000000d7080000, 0x0000000100000000)
  eden space 7168K, 100% used [0x00000000d5580000,0x00000000d5c80000,0x00000000d5c80000)
  from space 7168K, 93% used [0x00000000d6980000,0x00000000d7010ea0,0x00000000d7080000)
  to   space 8704K, 0% used [0x00000000d5f80000,0x00000000d5f80000,0x00000000d6800000)
 ParOldGen       total 543744K, used 543258K [0x0000000080000000, 0x00000000a1300000, 0x00000000d5580000)
  object space 543744K, 99% used [0x0000000080000000,0x00000000a1286a40,0x00000000a1300000)
 Metaspace       used 78323K, committed 79808K, reserved 1179648K
  class space    used 8032K, committed 8704K, reserved 1048576K
}
Event: 23533.547 GC heap after
{Heap after GC invocations=1364 (full 4):
 PSYoungGen      total 10240K, used 2848K [0x00000000d5580000, 0x00000000d6a00000, 0x0000000100000000)
  eden space 7168K, 0% used [0x00000000d5580000,0x00000000d5580000,0x00000000d5c80000)
  from space 3072K, 92% used [0x00000000d5f80000,0x00000000d6248000,0x00000000d6280000)
  to   space 4608K, 0% used [0x00000000d6580000,0x00000000d6580000,0x00000000d6a00000)
 ParOldGen       total 549888K, used 549804K [0x0000000080000000, 0x00000000a1900000, 0x00000000d5580000)
  object space 549888K, 99% used [0x0000000080000000,0x00000000a18eb378,0x00000000a1900000)
 Metaspace       used 78323K, committed 79808K, reserved 1179648K
  class space    used 8032K, committed 8704K, reserved 1048576K
}
Event: 23533.585 GC heap before
{Heap before GC invocations=1365 (full 4):
 PSYoungGen      total 10240K, used 10016K [0x00000000d5580000, 0x00000000d6a00000, 0x0000000100000000)
  eden space 7168K, 100% used [0x00000000d5580000,0x00000000d5c80000,0x00000000d5c80000)
  from space 3072K, 92% used [0x00000000d5f80000,0x00000000d6248000,0x00000000d6280000)
  to   space 4608K, 0% used [0x00000000d6580000,0x00000000d6580000,0x00000000d6a00000)
 ParOldGen       total 549888K, used 549804K [0x0000000080000000, 0x00000000a1900000, 0x00000000d5580000)
  object space 549888K, 99% used [0x0000000080000000,0x00000000a18eb378,0x00000000a1900000)
 Metaspace       used 78331K, committed 79808K, reserved 1179648K
  class space    used 8032K, committed 8704K, reserved 1048576K
}
Event: 23533.590 GC heap after
{Heap after GC invocations=1365 (full 4):
 PSYoungGen      total 9216K, used 1877K [0x00000000d5580000, 0x00000000d6780000, 0x0000000100000000)
  eden space 7168K, 0% used [0x00000000d5580000,0x00000000d5580000,0x00000000d5c80000)
  from space 2048K, 91% used [0x00000000d6580000,0x00000000d6755550,0x00000000d6780000)
  to   space 2560K, 0% used [0x00000000d6280000,0x00000000d6280000,0x00000000d6500000)
 ParOldGen       total 552448K, used 552434K [0x0000000080000000, 0x00000000a1b80000, 0x00000000d5580000)
  object space 552448K, 99% used [0x0000000080000000,0x00000000a1b7c8e0,0x00000000a1b80000)
 Metaspace       used 78331K, committed 79808K, reserved 1179648K
  class space    used 8032K, committed 8704K, reserved 1048576K
}
Event: 23599.278 GC heap before
{Heap before GC invocations=1366 (full 4):
 PSYoungGen      total 9216K, used 9045K [0x00000000d5580000, 0x00000000d6780000, 0x0000000100000000)
  eden space 7168K, 100% used [0x00000000d5580000,0x00000000d5c80000,0x00000000d5c80000)
  from space 2048K, 91% used [0x00000000d6580000,0x00000000d6755550,0x00000000d6780000)
  to   space 2560K, 0% used [0x00000000d6280000,0x00000000d6280000,0x00000000d6500000)
 ParOldGen       total 552448K, used 552434K [0x0000000080000000, 0x00000000a1b80000, 0x00000000d5580000)
  object space 552448K, 99% used [0x0000000080000000,0x00000000a1b7c8e0,0x00000000a1b80000)
 Metaspace       used 78337K, committed 79808K, reserved 1179648K
  class space    used 8032K, committed 8704K, reserved 1048576K
}
Event: 23599.286 GC heap after
{Heap after GC invocations=1366 (full 4):
 PSYoungGen      total 9728K, used 2532K [0x00000000d5580000, 0x00000000d6a80000, 0x0000000100000000)
  eden space 7168K, 0% used [0x00000000d5580000,0x00000000d5580000,0x00000000d5c80000)
  from space 2560K, 98% used [0x00000000d6280000,0x00000000d64f91e0,0x00000000d6500000)
  to   space 5632K, 0% used [0x00000000d6500000,0x00000000d6500000,0x00000000d6a80000)
 ParOldGen       total 556544K, used 556072K [0x0000000080000000, 0x00000000a1f80000, 0x00000000d5580000)
  object space 556544K, 99% used [0x0000000080000000,0x00000000a1f0a388,0x00000000a1f80000)
 Metaspace       used 78337K, committed 79808K, reserved 1179648K
  class space    used 8032K, committed 8704K, reserved 1048576K
}
Event: 23599.331 GC heap before
{Heap before GC invocations=1367 (full 4):
 PSYoungGen      total 9728K, used 9700K [0x00000000d5580000, 0x00000000d6a80000, 0x0000000100000000)
  eden space 7168K, 100% used [0x00000000d5580000,0x00000000d5c80000,0x00000000d5c80000)
  from space 2560K, 98% used [0x00000000d6280000,0x00000000d64f91e0,0x00000000d6500000)
  to   space 5632K, 0% used [0x00000000d6500000,0x00000000d6500000,0x00000000d6a80000)
 ParOldGen       total 556544K, used 556072K [0x0000000080000000, 0x00000000a1f80000, 0x00000000d5580000)
  object space 556544K, 99% used [0x0000000080000000,0x00000000a1f0a388,0x00000000a1f80000)
 Metaspace       used 78337K, committed 79808K, reserved 1179648K
  class space    used 8032K, committed 8704K, reserved 1048576K
}
Event: 23599.342 GC heap after
{Heap after GC invocations=1367 (full 4):
 PSYoungGen      total 10752K, used 5616K [0x00000000d5580000, 0x00000000d7180000, 0x0000000100000000)
  eden space 5120K, 0% used [0x00000000d5580000,0x00000000d5580000,0x00000000d5a80000)
  from space 5632K, 99% used [0x00000000d6500000,0x00000000d6a7c000,0x00000000d6a80000)
  to   space 10752K, 0% used [0x00000000d5a80000,0x00000000d5a80000,0x00000000d6500000)
 ParOldGen       total 560128K, used 559961K [0x0000000080000000, 0x00000000a2300000, 0x00000000d5580000)
  object space 560128K, 99% used [0x0000000080000000,0x00000000a22d6758,0x00000000a2300000)
 Metaspace       used 78337K, committed 79808K, reserved 1179648K
  class space    used 8032K, committed 8704K, reserved 1048576K
}
Event: 23599.414 GC heap before
{Heap before GC invocations=1368 (full 4):
 PSYoungGen      total 10752K, used 10736K [0x00000000d5580000, 0x00000000d7180000, 0x0000000100000000)
  eden space 5120K, 100% used [0x00000000d5580000,0x00000000d5a80000,0x00000000d5a80000)
  from space 5632K, 99% used [0x00000000d6500000,0x00000000d6a7c000,0x00000000d6a80000)
  to   space 10752K, 0% used [0x00000000d5a80000,0x00000000d5a80000,0x00000000d6500000)
 ParOldGen       total 560128K, used 559961K [0x0000000080000000, 0x00000000a2300000, 0x00000000d5580000)
  object space 560128K, 99% used [0x0000000080000000,0x00000000a22d6758,0x00000000a2300000)
 Metaspace       used 78347K, committed 79872K, reserved 1179648K
  class space    used 8032K, committed 8704K, reserved 1048576K
}
Event: 23599.429 GC heap after
{Heap after GC invocations=1368 (full 4):
 PSYoungGen      total 9728K, used 4483K [0x00000000d5580000, 0x00000000d6780000, 0x0000000100000000)
  eden space 5120K, 0% used [0x00000000d5580000,0x00000000d5580000,0x00000000d5a80000)
  from space 4608K, 97% used [0x00000000d5a80000,0x00000000d5ee0e88,0x00000000d5f00000)
  to   space 6656K, 0% used [0x00000000d6100000,0x00000000d6100000,0x00000000d6780000)
 ParOldGen       total 565760K, used 565649K [0x0000000080000000, 0x00000000a2880000, 0x00000000d5580000)
  object space 565760K, 99% used [0x0000000080000000,0x00000000a2864758,0x00000000a2880000)
 Metaspace       used 78347K, committed 79872K, reserved 1179648K
  class space    used 8032K, committed 8704K, reserved 1048576K
}
Event: 23599.446 GC heap before
{Heap before GC invocations=1369 (full 4):
 PSYoungGen      total 9728K, used 9396K [0x00000000d5580000, 0x00000000d6780000, 0x0000000100000000)
  eden space 5120K, 95% used [0x00000000d5580000,0x00000000d5a4c218,0x00000000d5a80000)
  from space 4608K, 97% used [0x00000000d5a80000,0x00000000d5ee0e88,0x00000000d5f00000)
  to   space 6656K, 0% used [0x00000000d6100000,0x00000000d6100000,0x00000000d6780000)
 ParOldGen       total 565760K, used 565649K [0x0000000080000000, 0x00000000a2880000, 0x00000000d5580000)
  object space 565760K, 99% used [0x0000000080000000,0x00000000a2864758,0x00000000a2880000)
 Metaspace       used 78347K, committed 79872K, reserved 1179648K
  class space    used 8032K, committed 8704K, reserved 1048576K
}
Event: 23599.455 GC heap after
{Heap after GC invocations=1369 (full 4):
 PSYoungGen      total 8704K, used 3152K [0x00000000d5580000, 0x00000000d6480000, 0x0000000100000000)
  eden space 5120K, 0% used [0x00000000d5580000,0x00000000d5580000,0x00000000d5a80000)
  from space 3584K, 87% used [0x00000000d6100000,0x00000000d6414000,0x00000000d6480000)
  to   space 4096K, 0% used [0x00000000d5c80000,0x00000000d5c80000,0x00000000d6080000)
 ParOldGen       total 570368K, used 570026K [0x0000000080000000, 0x00000000a2d00000, 0x00000000d5580000)
  object space 570368K, 99% used [0x0000000080000000,0x00000000a2caa880,0x00000000a2d00000)
 Metaspace       used 78347K, committed 79872K, reserved 1179648K
  class space    used 8032K, committed 8704K, reserved 1048576K
}
Event: 23599.497 GC heap before
{Heap before GC invocations=1370 (full 4):
 PSYoungGen      total 8704K, used 8272K [0x00000000d5580000, 0x00000000d6480000, 0x0000000100000000)
  eden space 5120K, 100% used [0x00000000d5580000,0x00000000d5a80000,0x00000000d5a80000)
  from space 3584K, 87% used [0x00000000d6100000,0x00000000d6414000,0x00000000d6480000)
  to   space 4096K, 0% used [0x00000000d5c80000,0x00000000d5c80000,0x00000000d6080000)
 ParOldGen       total 570368K, used 570026K [0x0000000080000000, 0x00000000a2d00000, 0x00000000d5580000)
  object space 570368K, 99% used [0x0000000080000000,0x00000000a2caa880,0x00000000a2d00000)
 Metaspace       used 78347K, committed 79872K, reserved 1179648K
  class space    used 8032K, committed 8704K, reserved 1048576K
}
Event: 23599.503 GC heap after
{Heap after GC invocations=1370 (full 4):
 PSYoungGen      total 7168K, used 1888K [0x00000000d5580000, 0x00000000d6180000, 0x0000000100000000)
  eden space 5120K, 0% used [0x00000000d5580000,0x00000000d5580000,0x00000000d5a80000)
  from space 2048K, 92% used [0x00000000d5c80000,0x00000000d5e58000,0x00000000d5e80000)
  to   space 2560K, 0% used [0x00000000d5f00000,0x00000000d5f00000,0x00000000d6180000)
 ParOldGen       total 572928K, used 572746K [0x0000000080000000, 0x00000000a2f80000, 0x00000000d5580000)
  object space 572928K, 99% used [0x0000000080000000,0x00000000a2f52880,0x00000000a2f80000)
 Metaspace       used 78347K, committed 79872K, reserved 1179648K
  class space    used 8032K, committed 8704K, reserved 1048576K
}
Event: 23599.529 GC heap before
{Heap before GC invocations=1371 (full 4):
 PSYoungGen      total 7168K, used 7008K [0x00000000d5580000, 0x00000000d6180000, 0x0000000100000000)
  eden space 5120K, 100% used [0x00000000d5580000,0x00000000d5a80000,0x00000000d5a80000)
  from space 2048K, 92% used [0x00000000d5c80000,0x00000000d5e58000,0x00000000d5e80000)
  to   space 2560K, 0% used [0x00000000d5f00000,0x00000000d5f00000,0x00000000d6180000)
 ParOldGen       total 572928K, used 572746K [0x0000000080000000, 0x00000000a2f80000, 0x00000000d5580000)
  object space 572928K, 99% used [0x0000000080000000,0x00000000a2f52880,0x00000000a2f80000)
 Metaspace       used 78354K, committed 79872K, reserved 1179648K
  class space    used 8032K, committed 8704K, reserved 1048576K
}
Event: 23599.533 GC heap after
{Heap after GC invocations=1371 (full 4):
 PSYoungGen      total 6656K, used 1516K [0x00000000d5580000, 0x00000000d6080000, 0x0000000100000000)
  eden space 5120K, 0% used [0x00000000d5580000,0x00000000d5580000,0x00000000d5a80000)
  from space 1536K, 98% used [0x00000000d5f00000,0x00000000d607b190,0x00000000d6080000)
  to   space 2048K, 0% used [0x00000000d5c80000,0x00000000d5c80000,0x00000000d5e80000)
 ParOldGen       total 574464K, used 574462K [0x0000000080000000, 0x00000000a3100000, 0x00000000d5580000)
  object space 574464K, 99% used [0x0000000080000000,0x00000000a30ff8a0,0x00000000a3100000)
 Metaspace       used 78354K, committed 79872K, reserved 1179648K
  class space    used 8032K, committed 8704K, reserved 1048576K
}

